"C:\Program Files\Java\jdk-15\bin\java.exe" "-javaagent:C:\Program Files\JetBrains\IntelliJ IDEA 2020.3.1\lib\idea_rt.jar=2973:C:\Program Files\JetBrains\IntelliJ IDEA 2020.3.1\bin" -Dfile.encoding=UTF-8 -classpath C:\Zvika\BP\BPGP-context\target\classes;C:\Users\Zvika\.m2\repository\com\github\bthink-bgu\BPjs-Context\0.1.11\BPjs-Context-0.1.11.jar;C:\Users\Zvika\.m2\repository\com\github\bthink-bgu\BPjs\0.12.1\BPjs-0.12.1.jar;C:\Users\Zvika\.m2\repository\org\mozilla\rhino\1.7.13\rhino-1.7.13.jar Main
---:dal.js+bl.js Starting
  -:dal.js+bl.js Added ContextHandler
  -:dal.js+bl.js Added Context population
[BP][Warn] Type of property cells is array, which is not recommended. Consider using java.util.HashSet. Entity is {JS_Obj cells:[JS_Array 0:{JS_Obj row:0.0, col:0.0, edge:true} | 1:{JS_Obj row:0.0, col:1.0, edge:false} | 2:{JS_Obj row:0.0, col:2.0, edge:false} | 3:{JS_Obj row:0.0, col:3.0, edge:false} | 4:{JS_Obj row:0.0, col:4.0, edge:true}], status:"READY"}.
[BP][Warn] Type of property cells is array, which is not recommended. Consider using java.util.HashSet. Entity is {JS_Obj cells:[JS_Array 0:{JS_Obj row:0.0, col:1.0, edge:true} | 1:{JS_Obj row:0.0, col:2.0, edge:false} | 2:{JS_Obj row:0.0, col:3.0, edge:false} | 3:{JS_Obj row:0.0, col:4.0, edge:false} | 4:{JS_Obj row:0.0, col:5.0, edge:true}], status:"READY"}.
  -:dal.js+bl.js Added Effect: Coin
  -:dal.js+bl.js Added Effect: Five is ready
  -:dal.js+bl.js Added cbt: block put in full columns
  -:dal.js+bl.js Added cbt: put to coin
  -:dal.js+bl.js Added EnforceTurns
  -:dal.js+bl.js Added random yellow player
  -:dal.js+bl.js Added random red player
  -:dal.js+bl.js Added boardPrinter
---:dal.js+bl.js Started
 --:dal.js+bl.js Event [BEvent name:Context population completed]
  -:dal.js+bl.js Done Context population
 --:dal.js+bl.js Event [BEvent name:_____CTX_LOCK_____ data:{JS_Obj hidden:true}]
 --:dal.js+bl.js Event [BEvent name:_____CTX_RELEASE_____ data:{JS_Obj hidden:true}]
  -:dal.js+bl.js Added Live copy: put to coin column: 5
  -:dal.js+bl.js Added Live copy: block put in full columns column: 5
  -:dal.js+bl.js Added Live copy: put to coin column: 4
  -:dal.js+bl.js Added Live copy: block put in full columns column: 4
  -:dal.js+bl.js Added Live copy: put to coin column: 6
  -:dal.js+bl.js Added Live copy: block put in full columns column: 6
  -:dal.js+bl.js Added Live copy: put to coin column: 1
  -:dal.js+bl.js Added Live copy: block put in full columns column: 1
  -:dal.js+bl.js Added Live copy: put to coin column: 0
  -:dal.js+bl.js Added Live copy: block put in full columns column: 0
  -:dal.js+bl.js Added Live copy: put to coin column: 3
  -:dal.js+bl.js Added Live copy: block put in full columns column: 3
  -:dal.js+bl.js Added Live copy: put to coin column: 2
  -:dal.js+bl.js Added Live copy: block put in full columns column: 2
 --:dal.js+bl.js Event [BEvent name:Put data:{JS_Obj color:"Yellow", col:4}]
[BP][Info] ZZ random yellow player, got: [BEvent name:Put data:{JS_Obj color:"Yellow", col:4}]
 --:dal.js+bl.js Event [BEvent name:Coin data:{JS_Obj color:"Yellow", row:0.0, col:4.0}]
[BP][Info] [BEvent name:Coin data:{JS_Obj color:"Yellow", row:0.0, col:4.0}]
[BP][Info] --------------------
[BP][Info] *  *  *  *  *  *  *
[BP][Info] *  *  *  *  *  *  *
[BP][Info] *  *  *  *  *  *  *
[BP][Info] *  *  *  *  *  *  *
[BP][Info] *  *  *  *  *  *  *
[BP][Info] *  *  *  *  Y  *  *
[BP][Info] {JS_Obj color:"Yellow", row:0.0, col:4.0}
[BP][Info] --------------------
 --:dal.js+bl.js Event [BEvent name:_____CTX_LOCK_____ data:{JS_Obj hidden:true}]
 --:dal.js+bl.js Event [BEvent name:_____CTX_RELEASE_____ data:{JS_Obj hidden:true}]
 --:dal.js+bl.js Event [BEvent name:Put data:{JS_Obj color:"Red", col:3}]
[BP][Info] ZZ random red player, got: [BEvent name:Put data:{JS_Obj color:"Red", col:3}]
 --:dal.js+bl.js Event [BEvent name:Coin data:{JS_Obj color:"Red", row:0.0, col:3.0}]
[BP][Info] [BEvent name:Coin data:{JS_Obj color:"Red", row:0.0, col:3.0}]
[BP][Info] --------------------
[BP][Info] *  *  *  *  *  *  *
[BP][Info] *  *  *  *  *  *  *
[BP][Info] *  *  *  *  *  *  *
[BP][Info] *  *  *  *  *  *  *
[BP][Info] *  *  *  *  *  *  *
[BP][Info] *  *  *  R  Y  *  *
[BP][Info] {JS_Obj color:"Red", row:0.0, col:3.0}
[BP][Info] --------------------
 --:dal.js+bl.js Event [BEvent name:_____CTX_LOCK_____ data:{JS_Obj hidden:true}]
 --:dal.js+bl.js Event [BEvent name:_____CTX_RELEASE_____ data:{JS_Obj hidden:true}]
 --:dal.js+bl.js Event [BEvent name:Put data:{JS_Obj color:"Yellow", col:2}]
[BP][Info] ZZ random yellow player, got: [BEvent name:Put data:{JS_Obj color:"Yellow", col:2}]
 --:dal.js+bl.js Event [BEvent name:Coin data:{JS_Obj color:"Yellow", row:0.0, col:2.0}]
[BP][Info] [BEvent name:Coin data:{JS_Obj color:"Yellow", row:0.0, col:2.0}]
[BP][Info] --------------------
[BP][Info] *  *  *  *  *  *  *
[BP][Info] *  *  *  *  *  *  *
[BP][Info] *  *  *  *  *  *  *
[BP][Info] *  *  *  *  *  *  *
[BP][Info] *  *  *  *  *  *  *
[BP][Info] *  *  Y  R  Y  *  *
[BP][Info] {JS_Obj color:"Yellow", row:0.0, col:2.0}
[BP][Info] --------------------
 --:dal.js+bl.js Event [BEvent name:_____CTX_LOCK_____ data:{JS_Obj hidden:true}]
 --:dal.js+bl.js Event [BEvent name:_____CTX_RELEASE_____ data:{JS_Obj hidden:true}]
 --:dal.js+bl.js Event [BEvent name:Put data:{JS_Obj color:"Red", col:0}]
[BP][Info] ZZ random red player, got: [BEvent name:Put data:{JS_Obj color:"Red", col:0}]
 --:dal.js+bl.js Event [BEvent name:Coin data:{JS_Obj color:"Red", row:0.0, col:0.0}]
[BP][Info] [BEvent name:Coin data:{JS_Obj color:"Red", row:0.0, col:0.0}]
[BP][Info] --------------------
[BP][Info] *  *  *  *  *  *  *
[BP][Info] *  *  *  *  *  *  *
[BP][Info] *  *  *  *  *  *  *
[BP][Info] *  *  *  *  *  *  *
[BP][Info] *  *  *  *  *  *  *
[BP][Info] R  *  Y  R  Y  *  *
[BP][Info] {JS_Obj color:"Red", row:0.0, col:0.0}
[BP][Info] --------------------
 --:dal.js+bl.js Event [BEvent name:_____CTX_LOCK_____ data:{JS_Obj hidden:true}]
 --:dal.js+bl.js Event [BEvent name:_____CTX_RELEASE_____ data:{JS_Obj hidden:true}]
 --:dal.js+bl.js Event [BEvent name:Put data:{JS_Obj color:"Yellow", col:5}]
[BP][Info] ZZ random yellow player, got: [BEvent name:Put data:{JS_Obj color:"Yellow", col:5}]
 --:dal.js+bl.js Event [BEvent name:Coin data:{JS_Obj color:"Yellow", row:0.0, col:5.0}]
[BP][Info] [BEvent name:Coin data:{JS_Obj color:"Yellow", row:0.0, col:5.0}]
[BP][Info] --------------------
[BP][Info] *  *  *  *  *  *  *
[BP][Info] *  *  *  *  *  *  *
[BP][Info] *  *  *  *  *  *  *
[BP][Info] *  *  *  *  *  *  *
[BP][Info] *  *  *  *  *  *  *
[BP][Info] R  *  Y  R  Y  Y  *
[BP][Info] {JS_Obj color:"Yellow", row:0.0, col:5.0}
[BP][Info] --------------------
 --:dal.js+bl.js Event [BEvent name:_____CTX_LOCK_____ data:{JS_Obj hidden:true}]
 --:dal.js+bl.js Event [BEvent name:_____CTX_RELEASE_____ data:{JS_Obj hidden:true}]
 --:dal.js+bl.js Event [BEvent name:Put data:{JS_Obj color:"Red", col:0}]
[BP][Info] ZZ random red player, got: [BEvent name:Put data:{JS_Obj color:"Red", col:0}]
 --:dal.js+bl.js Event [BEvent name:Coin data:{JS_Obj color:"Red", row:1.0, col:0.0}]
[BP][Info] [BEvent name:Coin data:{JS_Obj color:"Red", row:1.0, col:0.0}]
[BP][Info] --------------------
[BP][Info] *  *  *  *  *  *  *
[BP][Info] *  *  *  *  *  *  *
[BP][Info] *  *  *  *  *  *  *
[BP][Info] *  *  *  *  *  *  *
[BP][Info] R  *  *  *  *  *  *
[BP][Info] R  *  Y  R  Y  Y  *
[BP][Info] {JS_Obj color:"Red", row:1.0, col:0.0}
[BP][Info] --------------------
 --:dal.js+bl.js Event [BEvent name:_____CTX_LOCK_____ data:{JS_Obj hidden:true}]
 --:dal.js+bl.js Event [BEvent name:_____CTX_RELEASE_____ data:{JS_Obj hidden:true}]
 --:dal.js+bl.js Event [BEvent name:Put data:{JS_Obj color:"Yellow", col:3}]
[BP][Info] ZZ random yellow player, got: [BEvent name:Put data:{JS_Obj color:"Yellow", col:3}]
 --:dal.js+bl.js Event [BEvent name:Coin data:{JS_Obj color:"Yellow", row:1.0, col:3.0}]
[BP][Info] [BEvent name:Coin data:{JS_Obj color:"Yellow", row:1.0, col:3.0}]
[BP][Info] --------------------
[BP][Info] *  *  *  *  *  *  *
[BP][Info] *  *  *  *  *  *  *
[BP][Info] *  *  *  *  *  *  *
[BP][Info] *  *  *  *  *  *  *
[BP][Info] R  *  *  Y  *  *  *
[BP][Info] R  *  Y  R  Y  Y  *
[BP][Info] {JS_Obj color:"Yellow", row:1.0, col:3.0}
[BP][Info] --------------------
 --:dal.js+bl.js Event [BEvent name:_____CTX_LOCK_____ data:{JS_Obj hidden:true}]
 --:dal.js+bl.js Event [BEvent name:_____CTX_RELEASE_____ data:{JS_Obj hidden:true}]
 --:dal.js+bl.js Event [BEvent name:Put data:{JS_Obj color:"Red", col:6}]
[BP][Info] ZZ random red player, got: [BEvent name:Put data:{JS_Obj color:"Red", col:6}]
 --:dal.js+bl.js Event [BEvent name:Coin data:{JS_Obj color:"Red", row:0.0, col:6.0}]
[BP][Info] [BEvent name:Coin data:{JS_Obj color:"Red", row:0.0, col:6.0}]
[BP][Info] --------------------
[BP][Info] *  *  *  *  *  *  *
[BP][Info] *  *  *  *  *  *  *
[BP][Info] *  *  *  *  *  *  *
[BP][Info] *  *  *  *  *  *  *
[BP][Info] R  *  *  Y  *  *  *
[BP][Info] R  *  Y  R  Y  Y  R
[BP][Info] {JS_Obj color:"Red", row:0.0, col:6.0}
[BP][Info] --------------------
 --:dal.js+bl.js Event [BEvent name:_____CTX_LOCK_____ data:{JS_Obj hidden:true}]
 --:dal.js+bl.js Event [BEvent name:_____CTX_RELEASE_____ data:{JS_Obj hidden:true}]
 --:dal.js+bl.js Event [BEvent name:Put data:{JS_Obj color:"Yellow", col:6}]
[BP][Info] ZZ random yellow player, got: [BEvent name:Put data:{JS_Obj color:"Yellow", col:6}]
 --:dal.js+bl.js Event [BEvent name:Coin data:{JS_Obj color:"Yellow", row:1.0, col:6.0}]
[BP][Info] [BEvent name:Coin data:{JS_Obj color:"Yellow", row:1.0, col:6.0}]
[BP][Info] --------------------
[BP][Info] *  *  *  *  *  *  *
[BP][Info] *  *  *  *  *  *  *
[BP][Info] *  *  *  *  *  *  *
[BP][Info] *  *  *  *  *  *  *
[BP][Info] R  *  *  Y  *  *  Y
[BP][Info] R  *  Y  R  Y  Y  R
[BP][Info] {JS_Obj color:"Yellow", row:1.0, col:6.0}
[BP][Info] --------------------
 --:dal.js+bl.js Event [BEvent name:_____CTX_LOCK_____ data:{JS_Obj hidden:true}]
 --:dal.js+bl.js Event [BEvent name:_____CTX_RELEASE_____ data:{JS_Obj hidden:true}]
 --:dal.js+bl.js Event [BEvent name:Put data:{JS_Obj color:"Red", col:5}]
[BP][Info] ZZ random red player, got: [BEvent name:Put data:{JS_Obj color:"Red", col:5}]
 --:dal.js+bl.js Event [BEvent name:Coin data:{JS_Obj color:"Red", row:1.0, col:5.0}]
[BP][Info] [BEvent name:Coin data:{JS_Obj color:"Red", row:1.0, col:5.0}]
[BP][Info] --------------------
[BP][Info] *  *  *  *  *  *  *
[BP][Info] *  *  *  *  *  *  *
[BP][Info] *  *  *  *  *  *  *
[BP][Info] *  *  *  *  *  *  *
[BP][Info] R  *  *  Y  *  R  Y
[BP][Info] R  *  Y  R  Y  Y  R
[BP][Info] {JS_Obj color:"Red", row:1.0, col:5.0}
[BP][Info] --------------------
 --:dal.js+bl.js Event [BEvent name:_____CTX_LOCK_____ data:{JS_Obj hidden:true}]
 --:dal.js+bl.js Event [BEvent name:_____CTX_RELEASE_____ data:{JS_Obj hidden:true}]
 --:dal.js+bl.js Event [BEvent name:Put data:{JS_Obj color:"Yellow", col:4}]
[BP][Info] ZZ random yellow player, got: [BEvent name:Put data:{JS_Obj color:"Yellow", col:4}]
 --:dal.js+bl.js Event [BEvent name:Coin data:{JS_Obj color:"Yellow", row:1.0, col:4.0}]
[BP][Info] [BEvent name:Coin data:{JS_Obj color:"Yellow", row:1.0, col:4.0}]
[BP][Info] --------------------
[BP][Info] *  *  *  *  *  *  *
[BP][Info] *  *  *  *  *  *  *
[BP][Info] *  *  *  *  *  *  *
[BP][Info] *  *  *  *  *  *  *
[BP][Info] R  *  *  Y  Y  R  Y
[BP][Info] R  *  Y  R  Y  Y  R
[BP][Info] {JS_Obj color:"Yellow", row:1.0, col:4.0}
[BP][Info] --------------------
 --:dal.js+bl.js Event [BEvent name:_____CTX_LOCK_____ data:{JS_Obj hidden:true}]
 --:dal.js+bl.js Event [BEvent name:_____CTX_RELEASE_____ data:{JS_Obj hidden:true}]
 --:dal.js+bl.js Event [BEvent name:Put data:{JS_Obj color:"Red", col:1}]
[BP][Info] ZZ random red player, got: [BEvent name:Put data:{JS_Obj color:"Red", col:1}]
 --:dal.js+bl.js Event [BEvent name:Coin data:{JS_Obj color:"Red", row:0.0, col:1.0}]
[BP][Info] [BEvent name:Coin data:{JS_Obj color:"Red", row:0.0, col:1.0}]
[BP][Info] --------------------
[BP][Info] *  *  *  *  *  *  *
[BP][Info] *  *  *  *  *  *  *
[BP][Info] *  *  *  *  *  *  *
[BP][Info] *  *  *  *  *  *  *
[BP][Info] R  *  *  Y  Y  R  Y
[BP][Info] R  R  Y  R  Y  Y  R
[BP][Info] {JS_Obj color:"Red", row:0.0, col:1.0}
[BP][Info] --------------------
 --:dal.js+bl.js Event [BEvent name:_____CTX_LOCK_____ data:{JS_Obj hidden:true}]
 --:dal.js+bl.js Event [BEvent name:_____CTX_RELEASE_____ data:{JS_Obj hidden:true}]
 --:dal.js+bl.js Event [BEvent name:Put data:{JS_Obj color:"Yellow", col:6}]
[BP][Info] ZZ random yellow player, got: [BEvent name:Put data:{JS_Obj color:"Yellow", col:6}]
 --:dal.js+bl.js Event [BEvent name:Coin data:{JS_Obj color:"Yellow", row:2.0, col:6.0}]
[BP][Info] [BEvent name:Coin data:{JS_Obj color:"Yellow", row:2.0, col:6.0}]
[BP][Info] --------------------
[BP][Info] *  *  *  *  *  *  *
[BP][Info] *  *  *  *  *  *  *
[BP][Info] *  *  *  *  *  *  *
[BP][Info] *  *  *  *  *  *  Y
[BP][Info] R  *  *  Y  Y  R  Y
[BP][Info] R  R  Y  R  Y  Y  R
[BP][Info] {JS_Obj color:"Yellow", row:2.0, col:6.0}
[BP][Info] --------------------
 --:dal.js+bl.js Event [BEvent name:_____CTX_LOCK_____ data:{JS_Obj hidden:true}]
 --:dal.js+bl.js Event [BEvent name:_____CTX_RELEASE_____ data:{JS_Obj hidden:true}]
 --:dal.js+bl.js Event [BEvent name:Put data:{JS_Obj color:"Red", col:1}]
[BP][Info] ZZ random red player, got: [BEvent name:Put data:{JS_Obj color:"Red", col:1}]
 --:dal.js+bl.js Event [BEvent name:Coin data:{JS_Obj color:"Red", row:1.0, col:1.0}]
[BP][Info] [BEvent name:Coin data:{JS_Obj color:"Red", row:1.0, col:1.0}]
[BP][Info] --------------------
[BP][Info] *  *  *  *  *  *  *
[BP][Info] *  *  *  *  *  *  *
[BP][Info] *  *  *  *  *  *  *
[BP][Info] *  *  *  *  *  *  Y
[BP][Info] R  R  *  Y  Y  R  Y
[BP][Info] R  R  Y  R  Y  Y  R
[BP][Info] {JS_Obj color:"Red", row:1.0, col:1.0}
[BP][Info] --------------------
 --:dal.js+bl.js Event [BEvent name:_____CTX_LOCK_____ data:{JS_Obj hidden:true}]
 --:dal.js+bl.js Event [BEvent name:_____CTX_RELEASE_____ data:{JS_Obj hidden:true}]
 --:dal.js+bl.js Event [BEvent name:Put data:{JS_Obj color:"Yellow", col:0}]
[BP][Info] ZZ random yellow player, got: [BEvent name:Put data:{JS_Obj color:"Yellow", col:0}]
 --:dal.js+bl.js Event [BEvent name:Coin data:{JS_Obj color:"Yellow", row:2.0, col:0.0}]
[BP][Info] [BEvent name:Coin data:{JS_Obj color:"Yellow", row:2.0, col:0.0}]
[BP][Info] --------------------
[BP][Info] *  *  *  *  *  *  *
[BP][Info] *  *  *  *  *  *  *
[BP][Info] *  *  *  *  *  *  *
[BP][Info] Y  *  *  *  *  *  Y
[BP][Info] R  R  *  Y  Y  R  Y
[BP][Info] R  R  Y  R  Y  Y  R
[BP][Info] {JS_Obj color:"Yellow", row:2.0, col:0.0}
[BP][Info] --------------------
 --:dal.js+bl.js Event [BEvent name:_____CTX_LOCK_____ data:{JS_Obj hidden:true}]
 --:dal.js+bl.js Event [BEvent name:_____CTX_RELEASE_____ data:{JS_Obj hidden:true}]
 --:dal.js+bl.js Event [BEvent name:Put data:{JS_Obj color:"Red", col:0}]
[BP][Info] ZZ random red player, got: [BEvent name:Put data:{JS_Obj color:"Red", col:0}]
 --:dal.js+bl.js Event [BEvent name:Coin data:{JS_Obj color:"Red", row:3.0, col:0.0}]
[BP][Info] [BEvent name:Coin data:{JS_Obj color:"Red", row:3.0, col:0.0}]
[BP][Info] --------------------
[BP][Info] *  *  *  *  *  *  *
[BP][Info] *  *  *  *  *  *  *
[BP][Info] R  *  *  *  *  *  *
[BP][Info] Y  *  *  *  *  *  Y
[BP][Info] R  R  *  Y  Y  R  Y
[BP][Info] R  R  Y  R  Y  Y  R
[BP][Info] {JS_Obj color:"Red", row:3.0, col:0.0}
[BP][Info] --------------------
 --:dal.js+bl.js Event [BEvent name:_____CTX_LOCK_____ data:{JS_Obj hidden:true}]
 --:dal.js+bl.js Event [BEvent name:_____CTX_RELEASE_____ data:{JS_Obj hidden:true}]
 --:dal.js+bl.js Event [BEvent name:Put data:{JS_Obj color:"Yellow", col:4}]
[BP][Info] ZZ random yellow player, got: [BEvent name:Put data:{JS_Obj color:"Yellow", col:4}]
 --:dal.js+bl.js Event [BEvent name:Coin data:{JS_Obj color:"Yellow", row:2.0, col:4.0}]
[BP][Info] [BEvent name:Coin data:{JS_Obj color:"Yellow", row:2.0, col:4.0}]
[BP][Info] --------------------
[BP][Info] *  *  *  *  *  *  *
[BP][Info] *  *  *  *  *  *  *
[BP][Info] R  *  *  *  *  *  *
[BP][Info] Y  *  *  *  Y  *  Y
[BP][Info] R  R  *  Y  Y  R  Y
[BP][Info] R  R  Y  R  Y  Y  R
[BP][Info] {JS_Obj color:"Yellow", row:2.0, col:4.0}
[BP][Info] --------------------
 --:dal.js+bl.js Event [BEvent name:_____CTX_LOCK_____ data:{JS_Obj hidden:true}]
 --:dal.js+bl.js Event [BEvent name:_____CTX_RELEASE_____ data:{JS_Obj hidden:true}]
 --:dal.js+bl.js Event [BEvent name:Put data:{JS_Obj color:"Red", col:3}]
[BP][Info] ZZ random red player, got: [BEvent name:Put data:{JS_Obj color:"Red", col:3}]
 --:dal.js+bl.js Event [BEvent name:Coin data:{JS_Obj color:"Red", row:2.0, col:3.0}]
[BP][Info] [BEvent name:Coin data:{JS_Obj color:"Red", row:2.0, col:3.0}]
[BP][Info] --------------------
[BP][Info] *  *  *  *  *  *  *
[BP][Info] *  *  *  *  *  *  *
[BP][Info] R  *  *  *  *  *  *
[BP][Info] Y  *  *  R  Y  *  Y
[BP][Info] R  R  *  Y  Y  R  Y
[BP][Info] R  R  Y  R  Y  Y  R
[BP][Info] {JS_Obj color:"Red", row:2.0, col:3.0}
[BP][Info] --------------------
 --:dal.js+bl.js Event [BEvent name:_____CTX_LOCK_____ data:{JS_Obj hidden:true}]
 --:dal.js+bl.js Event [BEvent name:_____CTX_RELEASE_____ data:{JS_Obj hidden:true}]
 --:dal.js+bl.js Event [BEvent name:Put data:{JS_Obj color:"Yellow", col:0}]
[BP][Info] ZZ random yellow player, got: [BEvent name:Put data:{JS_Obj color:"Yellow", col:0}]
 --:dal.js+bl.js Event [BEvent name:Coin data:{JS_Obj color:"Yellow", row:4.0, col:0.0}]
[BP][Info] [BEvent name:Coin data:{JS_Obj color:"Yellow", row:4.0, col:0.0}]
[BP][Info] --------------------
[BP][Info] *  *  *  *  *  *  *
[BP][Info] Y  *  *  *  *  *  *
[BP][Info] R  *  *  *  *  *  *
[BP][Info] Y  *  *  R  Y  *  Y
[BP][Info] R  R  *  Y  Y  R  Y
[BP][Info] R  R  Y  R  Y  Y  R
[BP][Info] {JS_Obj color:"Yellow", row:4.0, col:0.0}
[BP][Info] --------------------
 --:dal.js+bl.js Event [BEvent name:_____CTX_LOCK_____ data:{JS_Obj hidden:true}]
 --:dal.js+bl.js Event [BEvent name:_____CTX_RELEASE_____ data:{JS_Obj hidden:true}]
 --:dal.js+bl.js Event [BEvent name:Put data:{JS_Obj color:"Red", col:0}]
[BP][Info] ZZ random red player, got: [BEvent name:Put data:{JS_Obj color:"Red", col:0}]
[BP][Info] block put in full columns: 0
 --:dal.js+bl.js Event [BEvent name:Coin data:{JS_Obj color:"Red", row:5.0, col:0.0}]
[BP][Info] [BEvent name:Coin data:{JS_Obj color:"Red", row:5.0, col:0.0}]
[BP][Info] --------------------
[BP][Info] R  *  *  *  *  *  *
[BP][Info] Y  *  *  *  *  *  *
[BP][Info] R  *  *  *  *  *  *
[BP][Info] Y  *  *  R  Y  *  Y
[BP][Info] R  R  *  Y  Y  R  Y
[BP][Info] R  R  Y  R  Y  Y  R
[BP][Info] {JS_Obj color:"Red", row:5.0, col:0.0}
[BP][Info] --------------------
  -:dal.js+bl.js Done Live copy: put to coin column: 0
 --:dal.js+bl.js Event [BEvent name:_____CTX_LOCK_____ data:{JS_Obj hidden:true}]
 --:dal.js+bl.js Event [BEvent name:_____CTX_RELEASE_____ data:{JS_Obj hidden:true}]
 --:dal.js+bl.js Event [BEvent name:Put data:{JS_Obj color:"Yellow", col:5}]
[BP][Info] ZZ random yellow player, got: [BEvent name:Put data:{JS_Obj color:"Yellow", col:5}]
 --:dal.js+bl.js Event [BEvent name:Coin data:{JS_Obj color:"Yellow", row:2.0, col:5.0}]
[BP][Info] [BEvent name:Coin data:{JS_Obj color:"Yellow", row:2.0, col:5.0}]
[BP][Info] --------------------
[BP][Info] R  *  *  *  *  *  *
[BP][Info] Y  *  *  *  *  *  *
[BP][Info] R  *  *  *  *  *  *
[BP][Info] Y  *  *  R  Y  Y  Y
[BP][Info] R  R  *  Y  Y  R  Y
[BP][Info] R  R  Y  R  Y  Y  R
[BP][Info] {JS_Obj color:"Yellow", row:2.0, col:5.0}
[BP][Info] --------------------
 --:dal.js+bl.js Event [BEvent name:_____CTX_LOCK_____ data:{JS_Obj hidden:true}]
 --:dal.js+bl.js Event [BEvent name:_____CTX_RELEASE_____ data:{JS_Obj hidden:true}]
 --:dal.js+bl.js Event [BEvent name:Put data:{JS_Obj color:"Red", col:3}]
[BP][Info] ZZ random red player, got: [BEvent name:Put data:{JS_Obj color:"Red", col:3}]
 --:dal.js+bl.js Event [BEvent name:Coin data:{JS_Obj color:"Red", row:3.0, col:3.0}]
[BP][Info] [BEvent name:Coin data:{JS_Obj color:"Red", row:3.0, col:3.0}]
[BP][Info] --------------------
[BP][Info] R  *  *  *  *  *  *
[BP][Info] Y  *  *  *  *  *  *
[BP][Info] R  *  *  R  *  *  *
[BP][Info] Y  *  *  R  Y  Y  Y
[BP][Info] R  R  *  Y  Y  R  Y
[BP][Info] R  R  Y  R  Y  Y  R
[BP][Info] {JS_Obj color:"Red", row:3.0, col:3.0}
[BP][Info] --------------------
 --:dal.js+bl.js Event [BEvent name:_____CTX_LOCK_____ data:{JS_Obj hidden:true}]
 --:dal.js+bl.js Event [BEvent name:_____CTX_RELEASE_____ data:{JS_Obj hidden:true}]
 --:dal.js+bl.js Event [BEvent name:Put data:{JS_Obj color:"Yellow", col:3}]
[BP][Info] ZZ random yellow player, got: [BEvent name:Put data:{JS_Obj color:"Yellow", col:3}]
 --:dal.js+bl.js Event [BEvent name:Coin data:{JS_Obj color:"Yellow", row:4.0, col:3.0}]
[BP][Info] [BEvent name:Coin data:{JS_Obj color:"Yellow", row:4.0, col:3.0}]
[BP][Info] --------------------
[BP][Info] R  *  *  *  *  *  *
[BP][Info] Y  *  *  Y  *  *  *
[BP][Info] R  *  *  R  *  *  *
[BP][Info] Y  *  *  R  Y  Y  Y
[BP][Info] R  R  *  Y  Y  R  Y
[BP][Info] R  R  Y  R  Y  Y  R
[BP][Info] {JS_Obj color:"Yellow", row:4.0, col:3.0}
[BP][Info] --------------------
 --:dal.js+bl.js Event [BEvent name:_____CTX_LOCK_____ data:{JS_Obj hidden:true}]
 --:dal.js+bl.js Event [BEvent name:_____CTX_RELEASE_____ data:{JS_Obj hidden:true}]
 --:dal.js+bl.js Event [BEvent name:Put data:{JS_Obj color:"Red", col:1}]
[BP][Info] ZZ random red player, got: [BEvent name:Put data:{JS_Obj color:"Red", col:1}]
 --:dal.js+bl.js Event [BEvent name:Coin data:{JS_Obj color:"Red", row:2.0, col:1.0}]
[BP][Info] [BEvent name:Coin data:{JS_Obj color:"Red", row:2.0, col:1.0}]
[BP][Info] --------------------
[BP][Info] R  *  *  *  *  *  *
[BP][Info] Y  *  *  Y  *  *  *
[BP][Info] R  *  *  R  *  *  *
[BP][Info] Y  R  *  R  Y  Y  Y
[BP][Info] R  R  *  Y  Y  R  Y
[BP][Info] R  R  Y  R  Y  Y  R
[BP][Info] {JS_Obj color:"Red", row:2.0, col:1.0}
[BP][Info] --------------------
 --:dal.js+bl.js Event [BEvent name:_____CTX_LOCK_____ data:{JS_Obj hidden:true}]
 --:dal.js+bl.js Event [BEvent name:_____CTX_RELEASE_____ data:{JS_Obj hidden:true}]
 --:dal.js+bl.js Event [BEvent name:Put data:{JS_Obj color:"Yellow", col:6}]
[BP][Info] ZZ random yellow player, got: [BEvent name:Put data:{JS_Obj color:"Yellow", col:6}]
 --:dal.js+bl.js Event [BEvent name:Coin data:{JS_Obj color:"Yellow", row:3.0, col:6.0}]
[BP][Info] [BEvent name:Coin data:{JS_Obj color:"Yellow", row:3.0, col:6.0}]
[BP][Info] --------------------
[BP][Info] R  *  *  *  *  *  *
[BP][Info] Y  *  *  Y  *  *  *
[BP][Info] R  *  *  R  *  *  Y
[BP][Info] Y  R  *  R  Y  Y  Y
[BP][Info] R  R  *  Y  Y  R  Y
[BP][Info] R  R  Y  R  Y  Y  R
[BP][Info] {JS_Obj color:"Yellow", row:3.0, col:6.0}
[BP][Info] --------------------
 --:dal.js+bl.js Event [BEvent name:_____CTX_LOCK_____ data:{JS_Obj hidden:true}]
 --:dal.js+bl.js Event [BEvent name:_____CTX_RELEASE_____ data:{JS_Obj hidden:true}]
 --:dal.js+bl.js Event [BEvent name:Put data:{JS_Obj color:"Red", col:1}]
[BP][Info] ZZ random red player, got: [BEvent name:Put data:{JS_Obj color:"Red", col:1}]
 --:dal.js+bl.js Event [BEvent name:Coin data:{JS_Obj color:"Red", row:3.0, col:1.0}]
[BP][Info] [BEvent name:Coin data:{JS_Obj color:"Red", row:3.0, col:1.0}]
[BP][Info] --------------------
[BP][Info] R  *  *  *  *  *  *
[BP][Info] Y  *  *  Y  *  *  *
[BP][Info] R  R  *  R  *  *  Y
[BP][Info] Y  R  *  R  Y  Y  Y
[BP][Info] R  R  *  Y  Y  R  Y
[BP][Info] R  R  Y  R  Y  Y  R
[BP][Info] {JS_Obj color:"Red", row:3.0, col:1.0}
[BP][Info] --------------------
 --:dal.js+bl.js Event [BEvent name:_____CTX_LOCK_____ data:{JS_Obj hidden:true}]
 --:dal.js+bl.js Event [BEvent name:_____CTX_RELEASE_____ data:{JS_Obj hidden:true}]
 --:dal.js+bl.js Event [BEvent name:Put data:{JS_Obj color:"Yellow", col:2}]
[BP][Info] ZZ random yellow player, got: [BEvent name:Put data:{JS_Obj color:"Yellow", col:2}]
 --:dal.js+bl.js Event [BEvent name:Coin data:{JS_Obj color:"Yellow", row:1.0, col:2.0}]
[BP][Info] [BEvent name:Coin data:{JS_Obj color:"Yellow", row:1.0, col:2.0}]
[BP][Info] --------------------
[BP][Info] R  *  *  *  *  *  *
[BP][Info] Y  *  *  Y  *  *  *
[BP][Info] R  R  *  R  *  *  Y
[BP][Info] Y  R  *  R  Y  Y  Y
[BP][Info] R  R  Y  Y  Y  R  Y
[BP][Info] R  R  Y  R  Y  Y  R
[BP][Info] {JS_Obj color:"Yellow", row:1.0, col:2.0}
[BP][Info] --------------------
 --:dal.js+bl.js Event [BEvent name:_____CTX_LOCK_____ data:{JS_Obj hidden:true}]
 --:dal.js+bl.js Event [BEvent name:_____CTX_RELEASE_____ data:{JS_Obj hidden:true}]
 --:dal.js+bl.js Event [BEvent name:Put data:{JS_Obj color:"Red", col:3}]
[BP][Info] block put in full columns: 3
[BP][Info] ZZ random red player, got: [BEvent name:Put data:{JS_Obj color:"Red", col:3}]
 --:dal.js+bl.js Event [BEvent name:Coin data:{JS_Obj color:"Red", row:5.0, col:3.0}]
[BP][Info] [BEvent name:Coin data:{JS_Obj color:"Red", row:5.0, col:3.0}]
[BP][Info] --------------------
[BP][Info] R  *  *  R  *  *  *
[BP][Info] Y  *  *  Y  *  *  *
[BP][Info] R  R  *  R  *  *  Y
[BP][Info] Y  R  *  R  Y  Y  Y
[BP][Info] R  R  Y  Y  Y  R  Y
[BP][Info] R  R  Y  R  Y  Y  R
[BP][Info] {JS_Obj color:"Red", row:5.0, col:3.0}
[BP][Info] --------------------
  -:dal.js+bl.js Done Live copy: put to coin column: 3
 --:dal.js+bl.js Event [BEvent name:_____CTX_LOCK_____ data:{JS_Obj hidden:true}]
 --:dal.js+bl.js Event [BEvent name:_____CTX_RELEASE_____ data:{JS_Obj hidden:true}]
 --:dal.js+bl.js Event [BEvent name:Put data:{JS_Obj color:"Yellow", col:2}]
[BP][Info] ZZ random yellow player, got: [BEvent name:Put data:{JS_Obj color:"Yellow", col:2}]
 --:dal.js+bl.js Event [BEvent name:Coin data:{JS_Obj color:"Yellow", row:2.0, col:2.0}]
[BP][Info] [BEvent name:Coin data:{JS_Obj color:"Yellow", row:2.0, col:2.0}]
[BP][Info] --------------------
[BP][Info] R  *  *  R  *  *  *
[BP][Info] Y  *  *  Y  *  *  *
[BP][Info] R  R  *  R  *  *  Y
[BP][Info] Y  R  Y  R  Y  Y  Y
[BP][Info] R  R  Y  Y  Y  R  Y
[BP][Info] R  R  Y  R  Y  Y  R
[BP][Info] {JS_Obj color:"Yellow", row:2.0, col:2.0}
[BP][Info] --------------------
 --:dal.js+bl.js Event [BEvent name:_____CTX_LOCK_____ data:{JS_Obj hidden:true}]
 --:dal.js+bl.js Event [BEvent name:_____CTX_RELEASE_____ data:{JS_Obj hidden:true}]
 --:dal.js+bl.js Event [BEvent name:Put data:{JS_Obj color:"Red", col:4}]
[BP][Info] ZZ random red player, got: [BEvent name:Put data:{JS_Obj color:"Red", col:4}]
 --:dal.js+bl.js Event [BEvent name:Coin data:{JS_Obj color:"Red", row:3.0, col:4.0}]
[BP][Info] [BEvent name:Coin data:{JS_Obj color:"Red", row:3.0, col:4.0}]
[BP][Info] --------------------
[BP][Info] R  *  *  R  *  *  *
[BP][Info] Y  *  *  Y  *  *  *
[BP][Info] R  R  *  R  R  *  Y
[BP][Info] Y  R  Y  R  Y  Y  Y
[BP][Info] R  R  Y  Y  Y  R  Y
[BP][Info] R  R  Y  R  Y  Y  R
[BP][Info] {JS_Obj color:"Red", row:3.0, col:4.0}
[BP][Info] --------------------
 --:dal.js+bl.js Event [BEvent name:_____CTX_LOCK_____ data:{JS_Obj hidden:true}]
 --:dal.js+bl.js Event [BEvent name:_____CTX_RELEASE_____ data:{JS_Obj hidden:true}]
 --:dal.js+bl.js Event [BEvent name:Put data:{JS_Obj color:"Yellow", col:4}]
[BP][Info] ZZ random yellow player, got: [BEvent name:Put data:{JS_Obj color:"Yellow", col:4}]
 --:dal.js+bl.js Event [BEvent name:Coin data:{JS_Obj color:"Yellow", row:4.0, col:4.0}]
[BP][Info] [BEvent name:Coin data:{JS_Obj color:"Yellow", row:4.0, col:4.0}]
[BP][Info] --------------------
[BP][Info] R  *  *  R  *  *  *
[BP][Info] Y  *  *  Y  Y  *  *
[BP][Info] R  R  *  R  R  *  Y
[BP][Info] Y  R  Y  R  Y  Y  Y
[BP][Info] R  R  Y  Y  Y  R  Y
[BP][Info] R  R  Y  R  Y  Y  R
[BP][Info] {JS_Obj color:"Yellow", row:4.0, col:4.0}
[BP][Info] --------------------
 --:dal.js+bl.js Event [BEvent name:_____CTX_LOCK_____ data:{JS_Obj hidden:true}]
 --:dal.js+bl.js Event [BEvent name:_____CTX_RELEASE_____ data:{JS_Obj hidden:true}]
 --:dal.js+bl.js Event [BEvent name:Put data:{JS_Obj color:"Red", col:1}]
[BP][Info] ZZ random red player, got: [BEvent name:Put data:{JS_Obj color:"Red", col:1}]
 --:dal.js+bl.js Event [BEvent name:Coin data:{JS_Obj color:"Red", row:4.0, col:1.0}]
[BP][Info] [BEvent name:Coin data:{JS_Obj color:"Red", row:4.0, col:1.0}]
[BP][Info] --------------------
[BP][Info] R  *  *  R  *  *  *
[BP][Info] Y  R  *  Y  Y  *  *
[BP][Info] R  R  *  R  R  *  Y
[BP][Info] Y  R  Y  R  Y  Y  Y
[BP][Info] R  R  Y  Y  Y  R  Y
[BP][Info] R  R  Y  R  Y  Y  R
[BP][Info] {JS_Obj color:"Red", row:4.0, col:1.0}
[BP][Info] --------------------
 --:dal.js+bl.js Event [BEvent name:_____CTX_LOCK_____ data:{JS_Obj hidden:true}]
 --:dal.js+bl.js Event [BEvent name:_____CTX_RELEASE_____ data:{JS_Obj hidden:true}]
 --:dal.js+bl.js Event [BEvent name:Put data:{JS_Obj color:"Yellow", col:4}]
[BP][Info] ZZ random yellow player, got: [BEvent name:Put data:{JS_Obj color:"Yellow", col:4}]
[BP][Info] block put in full columns: 4
 --:dal.js+bl.js Event [BEvent name:Coin data:{JS_Obj color:"Yellow", row:5.0, col:4.0}]
[BP][Info] [BEvent name:Coin data:{JS_Obj color:"Yellow", row:5.0, col:4.0}]
[BP][Info] --------------------
[BP][Info] R  *  *  R  Y  *  *
[BP][Info] Y  R  *  Y  Y  *  *
[BP][Info] R  R  *  R  R  *  Y
[BP][Info] Y  R  Y  R  Y  Y  Y
[BP][Info] R  R  Y  Y  Y  R  Y
[BP][Info] R  R  Y  R  Y  Y  R
[BP][Info] {JS_Obj color:"Yellow", row:5.0, col:4.0}
[BP][Info] --------------------
  -:dal.js+bl.js Done Live copy: put to coin column: 4
 --:dal.js+bl.js Event [BEvent name:_____CTX_LOCK_____ data:{JS_Obj hidden:true}]
 --:dal.js+bl.js Event [BEvent name:_____CTX_RELEASE_____ data:{JS_Obj hidden:true}]
 --:dal.js+bl.js Event [BEvent name:Put data:{JS_Obj color:"Red", col:5}]
[BP][Info] ZZ random red player, got: [BEvent name:Put data:{JS_Obj color:"Red", col:5}]
 --:dal.js+bl.js Event [BEvent name:Coin data:{JS_Obj color:"Red", row:3.0, col:5.0}]
[BP][Info] [BEvent name:Coin data:{JS_Obj color:"Red", row:3.0, col:5.0}]
[BP][Info] --------------------
[BP][Info] R  *  *  R  Y  *  *
[BP][Info] Y  R  *  Y  Y  *  *
[BP][Info] R  R  *  R  R  R  Y
[BP][Info] Y  R  Y  R  Y  Y  Y
[BP][Info] R  R  Y  Y  Y  R  Y
[BP][Info] R  R  Y  R  Y  Y  R
[BP][Info] {JS_Obj color:"Red", row:3.0, col:5.0}
[BP][Info] --------------------
 --:dal.js+bl.js Event [BEvent name:_____CTX_LOCK_____ data:{JS_Obj hidden:true}]
 --:dal.js+bl.js Event [BEvent name:_____CTX_RELEASE_____ data:{JS_Obj hidden:true}]
 --:dal.js+bl.js Event [BEvent name:Put data:{JS_Obj color:"Yellow", col:5}]
[BP][Info] ZZ random yellow player, got: [BEvent name:Put data:{JS_Obj color:"Yellow", col:5}]
 --:dal.js+bl.js Event [BEvent name:Coin data:{JS_Obj color:"Yellow", row:4.0, col:5.0}]
[BP][Info] [BEvent name:Coin data:{JS_Obj color:"Yellow", row:4.0, col:5.0}]
[BP][Info] --------------------
[BP][Info] R  *  *  R  Y  *  *
[BP][Info] Y  R  *  Y  Y  Y  *
[BP][Info] R  R  *  R  R  R  Y
[BP][Info] Y  R  Y  R  Y  Y  Y
[BP][Info] R  R  Y  Y  Y  R  Y
[BP][Info] R  R  Y  R  Y  Y  R
[BP][Info] {JS_Obj color:"Yellow", row:4.0, col:5.0}
[BP][Info] --------------------
 --:dal.js+bl.js Event [BEvent name:_____CTX_LOCK_____ data:{JS_Obj hidden:true}]
 --:dal.js+bl.js Event [BEvent name:_____CTX_RELEASE_____ data:{JS_Obj hidden:true}]
 --:dal.js+bl.js Event [BEvent name:Put data:{JS_Obj color:"Red", col:6}]
[BP][Info] ZZ random red player, got: [BEvent name:Put data:{JS_Obj color:"Red", col:6}]
 --:dal.js+bl.js Event [BEvent name:Coin data:{JS_Obj color:"Red", row:4.0, col:6.0}]
[BP][Info] [BEvent name:Coin data:{JS_Obj color:"Red", row:4.0, col:6.0}]
[BP][Info] --------------------
[BP][Info] R  *  *  R  Y  *  *
[BP][Info] Y  R  *  Y  Y  Y  R
[BP][Info] R  R  *  R  R  R  Y
[BP][Info] Y  R  Y  R  Y  Y  Y
[BP][Info] R  R  Y  Y  Y  R  Y
[BP][Info] R  R  Y  R  Y  Y  R
[BP][Info] {JS_Obj color:"Red", row:4.0, col:6.0}
[BP][Info] --------------------
 --:dal.js+bl.js Event [BEvent name:_____CTX_LOCK_____ data:{JS_Obj hidden:true}]
 --:dal.js+bl.js Event [BEvent name:_____CTX_RELEASE_____ data:{JS_Obj hidden:true}]
 --:dal.js+bl.js Event [BEvent name:Put data:{JS_Obj color:"Yellow", col:3}]
[BP][Info] ZZ random yellow player, got: [BEvent name:Put data:{JS_Obj color:"Yellow", col:3}]
---:dal.js+bl.js No Event Selected
---:dal.js+bl.js Ended

Process finished with exit code 0

